<?xml version="1.0" encoding="UTF-8"?>
<!-- Generated by org.testng.reporters.JUnitReportReporter -->
<testsuite hostname="DESKTOP-RMQ76E2" failures="0" tests="1" name="letmecalltest.LoginPageTest" time="0.000" errors="0" timestamp="2019-08-17T20:09:42 IST" skipped="1">
  <testcase classname="letmecalltest.LoginPageTest" name="loginTest" time="0.000">
    <skipped/>
  </testcase> <!-- loginTest -->
</testsuite> <!-- letmecalltest.LoginPageTest -->
