<?xml version="1.0" encoding="UTF-8"?>
<!-- Generated by org.testng.reporters.JUnitReportReporter -->
<testsuite hostname="DESKTOP-RMQ76E2" failures="0" tests="1" name="letmecalltest.AbhirestaurantTest" time="77.478" errors="0" timestamp="2019-08-17T20:53:00 IST" skipped="0">
  <testcase classname="letmecalltest.AbhirestaurantTest" name="loginTest" time="77.478"/>
</testsuite> <!-- letmecalltest.AbhirestaurantTest -->
