<?xml version="1.0" encoding="UTF-8"?>
<!-- Generated by org.testng.reporters.JUnitReportReporter -->
<testsuite hostname="LMCLT003" failures="0" tests="1" name="letmecalltest.LocationPageTest" time="27.584" errors="0" timestamp="20 Jul 2019 14:16:42 GMT" skipped="0">
  <testcase classname="letmecalltest.LocationPageTest" name="loginPage" time="27.584"/>
</testsuite> <!-- letmecalltest.LocationPageTest -->
