<?xml version="1.0" encoding="UTF-8"?>
<!-- Generated by org.testng.reporters.JUnitReportReporter -->
<testsuite hostname="DESKTOP-RMQ76E2" failures="0" tests="2" name="letmecalltest.ProfilePageTest" time="0.000" errors="0" timestamp="2019-08-17T20:09:42 IST" skipped="2">
  <testcase classname="letmecalltest.ProfilePageTest" name="myprofileTest" time="0.000">
    <skipped/>
  </testcase> <!-- myprofileTest -->
  <testcase classname="letmecalltest.ProfilePageTest" name="accntInformationTest" time="0.000">
    <skipped/>
  </testcase> <!-- accntInformationTest -->
</testsuite> <!-- letmecalltest.ProfilePageTest -->
