<?xml version="1.0" encoding="UTF-8"?>
<!-- Generated by org.testng.reporters.JUnitReportReporter -->
<testsuite hostname="LMCLT003" failures="0" tests="1" name="letmecalltest.LocationPageTest" time="27.307" errors="0" timestamp="22 Jul 2019 11:31:43 GMT" skipped="0">
  <testcase classname="letmecalltest.LocationPageTest" name="LocationTest" time="27.307"/>
</testsuite> <!-- letmecalltest.LocationPageTest -->
