<?xml version="1.0" encoding="UTF-8"?>
<!-- Generated by org.testng.reporters.JUnitReportReporter -->
<testsuite hostname="lenovo" failures="0" tests="1" name="letmecalltest.LoginPageTset" time="16.922" errors="0" timestamp="27 Aug 2018 08:12:46 GMT" skipped="0">
  <testcase classname="letmecalltest.LoginPageTset" name="loginTest" time="16.922"/>
</testsuite> <!-- letmecalltest.LoginPageTset -->
