<?xml version="1.0" encoding="UTF-8"?>
<!-- Generated by org.testng.reporters.JUnitReportReporter -->
<testsuite hostname="LMCLT003" failures="0" tests="1" name="letmecalltest.LoginPageTest" time="32.753" errors="0" timestamp="20 Jul 2019 13:51:33 GMT" skipped="0">
  <testcase classname="letmecalltest.LoginPageTest" name="loginTest" time="32.753"/>
</testsuite> <!-- letmecalltest.LoginPageTest -->
