<?xml version="1.0" encoding="UTF-8"?>
<!-- Generated by org.testng.reporters.JUnitReportReporter -->
<testsuite hostname="LMCLT003" failures="0" tests="3" name="letmecalltest.AbhirestaurantTest" time="0.000" errors="0" timestamp="19 Jul 2019 05:46:55 GMT" skipped="3">
  <testcase classname="letmecalltest.AbhirestaurantTest" name="loginTest" time="0.000">
    <skipped/>
  </testcase> <!-- loginTest -->
  <testcase classname="letmecalltest.AbhirestaurantTest" name="abhiRestaurentJawarRoti" time="0.000">
    <skipped/>
  </testcase> <!-- abhiRestaurentJawarRoti -->
  <testcase classname="letmecalltest.AbhirestaurantTest" name="addressDetails" time="0.000">
    <skipped/>
  </testcase> <!-- addressDetails -->
</testsuite> <!-- letmecalltest.AbhirestaurantTest -->
